<?xml version="1.0" encoding="UTF-8"?>
<testng-results ignored="0" total="2" passed="2" failed="0" skipped="0">
  <reporter-output>
  </reporter-output>
  <suite started-at="2026-05-27T12:04:55 IST" name="Suite" finished-at="2026-05-27T12:05:21 IST" duration-ms="25810">
    <groups>
    </groups>
    <test started-at="2026-05-27T12:04:55 IST" name="Test" finished-at="2026-05-27T12:05:21 IST" duration-ms="25810">
      <class name="tests.LoginTest">
        <test-method signature="testValidLogin(java.lang.String,java.lang.String,java.lang.String)[pri:1, instance:tests.LoginTest@7adda9cc]" started-at="2026-05-27T12:04:56 IST" name="testValidLogin" data-provider="loginData" finished-at="2026-05-27T12:05:15 IST" duration-ms="18790" status="PASS">
          <params>
            <param index="0">
              <value>
                <![CDATA[admin]]>
              </value>
            </param>
            <param index="1">
              <value>
                <![CDATA[admin123]]>
              </value>
            </param>
            <param index="2">
              <value>
                <![CDATA[Success]]>
              </value>
            </param>
          </params>
          <reporter-output>
          </reporter-output>
        </test-method> <!-- testValidLogin -->
      </class> <!-- tests.LoginTest -->
      <class name="tests.DashboardTest">
        <test-method signature="verifyDashboardElements()[pri:1, instance:tests.DashboardTest@5cee5251]" started-at="2026-05-27T12:05:15 IST" name="verifyDashboardElements" finished-at="2026-05-27T12:05:21 IST" duration-ms="6045" status="PASS">
          <reporter-output>
          </reporter-output>
        </test-method> <!-- verifyDashboardElements -->
      </class> <!-- tests.DashboardTest -->
    </test> <!-- Test -->
  </suite> <!-- Suite -->
</testng-results>
